

Started GET "/" for 127.0.0.1 at 2013-08-01 01:25:13 +0000
Processing by Rails::WelcomeController#index as HTML
  Rendered vendor/bundle/gems/railties-4.0.0/lib/rails/templates/rails/welcome/index.html.erb (2.5ms)
Completed 200 OK in 148ms (Views: 109.3ms | ActiveRecord: 0.0ms)


Started GET "/rails/info/properties" for 127.0.0.1 at 2013-08-01 01:26:23 +0000
Processing by Rails::InfoController#properties as HTML
  Rendered vendor/bundle/gems/railties-4.0.0/lib/rails/templates/rails/info/properties.html.erb (0.7ms)
Completed 200 OK in 23ms (Views: 15.5ms | ActiveRecord: 1.3ms)


Started GET "/" for 127.0.0.1 at 2013-08-01 15:43:29 +0000

ActionController::RoutingError (uninitialized constant PagesController):
  vendor/bundle/gems/activesupport-4.0.0/lib/active_support/inflector/methods.rb:226:in `const_get'
  vendor/bundle/gems/activesupport-4.0.0/lib/active_support/inflector/methods.rb:226:in `block in constantize'
  vendor/bundle/gems/activesupport-4.0.0/lib/active_support/inflector/methods.rb:224:in `each'
  vendor/bundle/gems/activesupport-4.0.0/lib/active_support/inflector/methods.rb:224:in `inject'
  vendor/bundle/gems/activesupport-4.0.0/lib/active_support/inflector/methods.rb:224:in `constantize'
  vendor/bundle/gems/actionpack-4.0.0/lib/action_dispatch/routing/route_set.rb:76:in `controller_reference'
  vendor/bundle/gems/actionpack-4.0.0/lib/action_dispatch/routing/route_set.rb:66:in `controller'
  vendor/bundle/gems/actionpack-4.0.0/lib/action_dispatch/routing/route_set.rb:44:in `call'
  vendor/bundle/gems/actionpack-4.0.0/lib/action_dispatch/journey/router.rb:71:in `block in call'
  vendor/bundle/gems/actionpack-4.0.0/lib/action_dispatch/journey/router.rb:59:in `each'
  vendor/bundle/gems/actionpack-4.0.0/lib/action_dispatch/journey/router.rb:59:in `call'
  vendor/bundle/gems/actionpack-4.0.0/lib/action_dispatch/routing/route_set.rb:655:in `call'
  vendor/bundle/gems/rack-1.5.2/lib/rack/etag.rb:23:in `call'
  vendor/bundle/gems/rack-1.5.2/lib/rack/conditionalget.rb:25:in `call'
  vendor/bundle/gems/rack-1.5.2/lib/rack/head.rb:11:in `call'
  vendor/bundle/gems/actionpack-4.0.0/lib/action_dispatch/middleware/params_parser.rb:27:in `call'
  vendor/bundle/gems/actionpack-4.0.0/lib/action_dispatch/middleware/flash.rb:241:in `call'
  vendor/bundle/gems/rack-1.5.2/lib/rack/session/abstract/id.rb:225:in `context'
  vendor/bundle/gems/rack-1.5.2/lib/rack/session/abstract/id.rb:220:in `call'
  vendor/bundle/gems/actionpack-4.0.0/lib/action_dispatch/middleware/cookies.rb:486:in `call'
  vendor/bundle/gems/activerecord-4.0.0/lib/active_record/query_cache.rb:36:in `call'
  vendor/bundle/gems/activerecord-4.0.0/lib/active_record/connection_adapters/abstract/connection_pool.rb:626:in `call'
  vendor/bundle/gems/activerecord-4.0.0/lib/active_record/migration.rb:369:in `call'
  vendor/bundle/gems/actionpack-4.0.0/lib/action_dispatch/middleware/callbacks.rb:29:in `block in call'
  vendor/bundle/gems/activesupport-4.0.0/lib/active_support/callbacks.rb:373:in `_run__2336777894941675752__call__callbacks'
  vendor/bundle/gems/activesupport-4.0.0/lib/active_support/callbacks.rb:80:in `run_callbacks'
  vendor/bundle/gems/actionpack-4.0.0/lib/action_dispatch/middleware/callbacks.rb:27:in `call'
  vendor/bundle/gems/actionpack-4.0.0/lib/action_dispatch/middleware/reloader.rb:64:in `call'
  vendor/bundle/gems/actionpack-4.0.0/lib/action_dispatch/middleware/remote_ip.rb:76:in `call'
  vendor/bundle/gems/actionpack-4.0.0/lib/action_dispatch/middleware/debug_exceptions.rb:17:in `call'
  vendor/bundle/gems/actionpack-4.0.0/lib/action_dispatch/middleware/show_exceptions.rb:30:in `call'
  vendor/bundle/gems/railties-4.0.0/lib/rails/rack/logger.rb:38:in `call_app'
  vendor/bundle/gems/railties-4.0.0/lib/rails/rack/logger.rb:21:in `block in call'
  vendor/bundle/gems/activesupport-4.0.0/lib/active_support/tagged_logging.rb:67:in `block in tagged'
  vendor/bundle/gems/activesupport-4.0.0/lib/active_support/tagged_logging.rb:25:in `tagged'
  vendor/bundle/gems/activesupport-4.0.0/lib/active_support/tagged_logging.rb:67:in `tagged'
  vendor/bundle/gems/railties-4.0.0/lib/rails/rack/logger.rb:21:in `call'
  vendor/bundle/gems/actionpack-4.0.0/lib/action_dispatch/middleware/request_id.rb:21:in `call'
  vendor/bundle/gems/rack-1.5.2/lib/rack/methodoverride.rb:21:in `call'
  vendor/bundle/gems/rack-1.5.2/lib/rack/runtime.rb:17:in `call'
  vendor/bundle/gems/activesupport-4.0.0/lib/active_support/cache/strategy/local_cache.rb:83:in `call'
  vendor/bundle/gems/rack-1.5.2/lib/rack/lock.rb:17:in `call'
  vendor/bundle/gems/actionpack-4.0.0/lib/action_dispatch/middleware/static.rb:64:in `call'
  vendor/bundle/gems/railties-4.0.0/lib/rails/engine.rb:511:in `call'
  vendor/bundle/gems/railties-4.0.0/lib/rails/application.rb:97:in `call'
  vendor/bundle/gems/rack-1.5.2/lib/rack/lock.rb:17:in `call'
  vendor/bundle/gems/rack-1.5.2/lib/rack/content_length.rb:14:in `call'
  vendor/bundle/gems/rack-1.5.2/lib/rack/handler/webrick.rb:60:in `service'
  /Users/peezy/.rvm/rubies/ruby-2.0.0-p247/lib/ruby/2.0.0/webrick/httpserver.rb:138:in `service'
  /Users/peezy/.rvm/rubies/ruby-2.0.0-p247/lib/ruby/2.0.0/webrick/httpserver.rb:94:in `run'
  /Users/peezy/.rvm/rubies/ruby-2.0.0-p247/lib/ruby/2.0.0/webrick/server.rb:295:in `block in start_thread'


  Rendered vendor/bundle/gems/actionpack-4.0.0/lib/action_dispatch/middleware/templates/rescues/_trace.erb (5.0ms)
  Rendered vendor/bundle/gems/actionpack-4.0.0/lib/action_dispatch/middleware/templates/routes/_route.html.erb (1.1ms)
  Rendered vendor/bundle/gems/actionpack-4.0.0/lib/action_dispatch/middleware/templates/routes/_table.html.erb (133.8ms)
  Rendered vendor/bundle/gems/actionpack-4.0.0/lib/action_dispatch/middleware/templates/rescues/routing_error.erb within rescues/layout (302.6ms)


Started GET "/" for 127.0.0.1 at 2013-08-01 15:43:55 +0000

ActionController::RoutingError (uninitialized constant PagesController):
  vendor/bundle/gems/activesupport-4.0.0/lib/active_support/inflector/methods.rb:226:in `const_get'
  vendor/bundle/gems/activesupport-4.0.0/lib/active_support/inflector/methods.rb:226:in `block in constantize'
  vendor/bundle/gems/activesupport-4.0.0/lib/active_support/inflector/methods.rb:224:in `each'
  vendor/bundle/gems/activesupport-4.0.0/lib/active_support/inflector/methods.rb:224:in `inject'
  vendor/bundle/gems/activesupport-4.0.0/lib/active_support/inflector/methods.rb:224:in `constantize'
  vendor/bundle/gems/actionpack-4.0.0/lib/action_dispatch/routing/route_set.rb:76:in `controller_reference'
  vendor/bundle/gems/actionpack-4.0.0/lib/action_dispatch/routing/route_set.rb:66:in `controller'
  vendor/bundle/gems/actionpack-4.0.0/lib/action_dispatch/routing/route_set.rb:44:in `call'
  vendor/bundle/gems/actionpack-4.0.0/lib/action_dispatch/journey/router.rb:71:in `block in call'
  vendor/bundle/gems/actionpack-4.0.0/lib/action_dispatch/journey/router.rb:59:in `each'
  vendor/bundle/gems/actionpack-4.0.0/lib/action_dispatch/journey/router.rb:59:in `call'
  vendor/bundle/gems/actionpack-4.0.0/lib/action_dispatch/routing/route_set.rb:655:in `call'
  vendor/bundle/gems/rack-1.5.2/lib/rack/etag.rb:23:in `call'
  vendor/bundle/gems/rack-1.5.2/lib/rack/conditionalget.rb:25:in `call'
  vendor/bundle/gems/rack-1.5.2/lib/rack/head.rb:11:in `call'
  vendor/bundle/gems/actionpack-4.0.0/lib/action_dispatch/middleware/params_parser.rb:27:in `call'
  vendor/bundle/gems/actionpack-4.0.0/lib/action_dispatch/middleware/flash.rb:241:in `call'
  vendor/bundle/gems/rack-1.5.2/lib/rack/session/abstract/id.rb:225:in `context'
  vendor/bundle/gems/rack-1.5.2/lib/rack/session/abstract/id.rb:220:in `call'
  vendor/bundle/gems/actionpack-4.0.0/lib/action_dispatch/middleware/cookies.rb:486:in `call'
  vendor/bundle/gems/activerecord-4.0.0/lib/active_record/query_cache.rb:36:in `call'
  vendor/bundle/gems/activerecord-4.0.0/lib/active_record/connection_adapters/abstract/connection_pool.rb:626:in `call'
  vendor/bundle/gems/activerecord-4.0.0/lib/active_record/migration.rb:369:in `call'
  vendor/bundle/gems/actionpack-4.0.0/lib/action_dispatch/middleware/callbacks.rb:29:in `block in call'
  vendor/bundle/gems/activesupport-4.0.0/lib/active_support/callbacks.rb:373:in `_run__2336777894941675752__call__callbacks'
  vendor/bundle/gems/activesupport-4.0.0/lib/active_support/callbacks.rb:80:in `run_callbacks'
  vendor/bundle/gems/actionpack-4.0.0/lib/action_dispatch/middleware/callbacks.rb:27:in `call'
  vendor/bundle/gems/actionpack-4.0.0/lib/action_dispatch/middleware/reloader.rb:64:in `call'
  vendor/bundle/gems/actionpack-4.0.0/lib/action_dispatch/middleware/remote_ip.rb:76:in `call'
  vendor/bundle/gems/actionpack-4.0.0/lib/action_dispatch/middleware/debug_exceptions.rb:17:in `call'
  vendor/bundle/gems/actionpack-4.0.0/lib/action_dispatch/middleware/show_exceptions.rb:30:in `call'
  vendor/bundle/gems/railties-4.0.0/lib/rails/rack/logger.rb:38:in `call_app'
  vendor/bundle/gems/railties-4.0.0/lib/rails/rack/logger.rb:21:in `block in call'
  vendor/bundle/gems/activesupport-4.0.0/lib/active_support/tagged_logging.rb:67:in `block in tagged'
  vendor/bundle/gems/activesupport-4.0.0/lib/active_support/tagged_logging.rb:25:in `tagged'
  vendor/bundle/gems/activesupport-4.0.0/lib/active_support/tagged_logging.rb:67:in `tagged'
  vendor/bundle/gems/railties-4.0.0/lib/rails/rack/logger.rb:21:in `call'
  vendor/bundle/gems/actionpack-4.0.0/lib/action_dispatch/middleware/request_id.rb:21:in `call'
  vendor/bundle/gems/rack-1.5.2/lib/rack/methodoverride.rb:21:in `call'
  vendor/bundle/gems/rack-1.5.2/lib/rack/runtime.rb:17:in `call'
  vendor/bundle/gems/activesupport-4.0.0/lib/active_support/cache/strategy/local_cache.rb:83:in `call'
  vendor/bundle/gems/rack-1.5.2/lib/rack/lock.rb:17:in `call'
  vendor/bundle/gems/actionpack-4.0.0/lib/action_dispatch/middleware/static.rb:64:in `call'
  vendor/bundle/gems/railties-4.0.0/lib/rails/engine.rb:511:in `call'
  vendor/bundle/gems/railties-4.0.0/lib/rails/application.rb:97:in `call'
  vendor/bundle/gems/rack-1.5.2/lib/rack/lock.rb:17:in `call'
  vendor/bundle/gems/rack-1.5.2/lib/rack/content_length.rb:14:in `call'
  vendor/bundle/gems/rack-1.5.2/lib/rack/handler/webrick.rb:60:in `service'
  /Users/peezy/.rvm/rubies/ruby-2.0.0-p247/lib/ruby/2.0.0/webrick/httpserver.rb:138:in `service'
  /Users/peezy/.rvm/rubies/ruby-2.0.0-p247/lib/ruby/2.0.0/webrick/httpserver.rb:94:in `run'
  /Users/peezy/.rvm/rubies/ruby-2.0.0-p247/lib/ruby/2.0.0/webrick/server.rb:295:in `block in start_thread'


  Rendered vendor/bundle/gems/actionpack-4.0.0/lib/action_dispatch/middleware/templates/rescues/_trace.erb (2.0ms)
  Rendered vendor/bundle/gems/actionpack-4.0.0/lib/action_dispatch/middleware/templates/routes/_route.html.erb (1.1ms)
  Rendered vendor/bundle/gems/actionpack-4.0.0/lib/action_dispatch/middleware/templates/routes/_table.html.erb (1.5ms)
  Rendered vendor/bundle/gems/actionpack-4.0.0/lib/action_dispatch/middleware/templates/rescues/routing_error.erb within rescues/layout (25.7ms)


Started GET "/" for 127.0.0.1 at 2013-08-01 15:44:01 +0000

ActionController::RoutingError (uninitialized constant PagesController):
  vendor/bundle/gems/activesupport-4.0.0/lib/active_support/inflector/methods.rb:226:in `const_get'
  vendor/bundle/gems/activesupport-4.0.0/lib/active_support/inflector/methods.rb:226:in `block in constantize'
  vendor/bundle/gems/activesupport-4.0.0/lib/active_support/inflector/methods.rb:224:in `each'
  vendor/bundle/gems/activesupport-4.0.0/lib/active_support/inflector/methods.rb:224:in `inject'
  vendor/bundle/gems/activesupport-4.0.0/lib/active_support/inflector/methods.rb:224:in `constantize'
  vendor/bundle/gems/actionpack-4.0.0/lib/action_dispatch/routing/route_set.rb:76:in `controller_reference'
  vendor/bundle/gems/actionpack-4.0.0/lib/action_dispatch/routing/route_set.rb:66:in `controller'
  vendor/bundle/gems/actionpack-4.0.0/lib/action_dispatch/routing/route_set.rb:44:in `call'
  vendor/bundle/gems/actionpack-4.0.0/lib/action_dispatch/journey/router.rb:71:in `block in call'
  vendor/bundle/gems/actionpack-4.0.0/lib/action_dispatch/journey/router.rb:59:in `each'
  vendor/bundle/gems/actionpack-4.0.0/lib/action_dispatch/journey/router.rb:59:in `call'
  vendor/bundle/gems/actionpack-4.0.0/lib/action_dispatch/routing/route_set.rb:655:in `call'
  vendor/bundle/gems/rack-1.5.2/lib/rack/etag.rb:23:in `call'
  vendor/bundle/gems/rack-1.5.2/lib/rack/conditionalget.rb:25:in `call'
  vendor/bundle/gems/rack-1.5.2/lib/rack/head.rb:11:in `call'
  vendor/bundle/gems/actionpack-4.0.0/lib/action_dispatch/middleware/params_parser.rb:27:in `call'
  vendor/bundle/gems/actionpack-4.0.0/lib/action_dispatch/middleware/flash.rb:241:in `call'
  vendor/bundle/gems/rack-1.5.2/lib/rack/session/abstract/id.rb:225:in `context'
  vendor/bundle/gems/rack-1.5.2/lib/rack/session/abstract/id.rb:220:in `call'
  vendor/bundle/gems/actionpack-4.0.0/lib/action_dispatch/middleware/cookies.rb:486:in `call'
  vendor/bundle/gems/activerecord-4.0.0/lib/active_record/query_cache.rb:36:in `call'
  vendor/bundle/gems/activerecord-4.0.0/lib/active_record/connection_adapters/abstract/connection_pool.rb:626:in `call'
  vendor/bundle/gems/activerecord-4.0.0/lib/active_record/migration.rb:369:in `call'
  vendor/bundle/gems/actionpack-4.0.0/lib/action_dispatch/middleware/callbacks.rb:29:in `block in call'
  vendor/bundle/gems/activesupport-4.0.0/lib/active_support/callbacks.rb:373:in `_run__2336777894941675752__call__callbacks'
  vendor/bundle/gems/activesupport-4.0.0/lib/active_support/callbacks.rb:80:in `run_callbacks'
  vendor/bundle/gems/actionpack-4.0.0/lib/action_dispatch/middleware/callbacks.rb:27:in `call'
  vendor/bundle/gems/actionpack-4.0.0/lib/action_dispatch/middleware/reloader.rb:64:in `call'
  vendor/bundle/gems/actionpack-4.0.0/lib/action_dispatch/middleware/remote_ip.rb:76:in `call'
  vendor/bundle/gems/actionpack-4.0.0/lib/action_dispatch/middleware/debug_exceptions.rb:17:in `call'
  vendor/bundle/gems/actionpack-4.0.0/lib/action_dispatch/middleware/show_exceptions.rb:30:in `call'
  vendor/bundle/gems/railties-4.0.0/lib/rails/rack/logger.rb:38:in `call_app'
  vendor/bundle/gems/railties-4.0.0/lib/rails/rack/logger.rb:21:in `block in call'
  vendor/bundle/gems/activesupport-4.0.0/lib/active_support/tagged_logging.rb:67:in `block in tagged'
  vendor/bundle/gems/activesupport-4.0.0/lib/active_support/tagged_logging.rb:25:in `tagged'
  vendor/bundle/gems/activesupport-4.0.0/lib/active_support/tagged_logging.rb:67:in `tagged'
  vendor/bundle/gems/railties-4.0.0/lib/rails/rack/logger.rb:21:in `call'
  vendor/bundle/gems/actionpack-4.0.0/lib/action_dispatch/middleware/request_id.rb:21:in `call'
  vendor/bundle/gems/rack-1.5.2/lib/rack/methodoverride.rb:21:in `call'
  vendor/bundle/gems/rack-1.5.2/lib/rack/runtime.rb:17:in `call'
  vendor/bundle/gems/activesupport-4.0.0/lib/active_support/cache/strategy/local_cache.rb:83:in `call'
  vendor/bundle/gems/rack-1.5.2/lib/rack/lock.rb:17:in `call'
  vendor/bundle/gems/actionpack-4.0.0/lib/action_dispatch/middleware/static.rb:64:in `call'
  vendor/bundle/gems/railties-4.0.0/lib/rails/engine.rb:511:in `call'
  vendor/bundle/gems/railties-4.0.0/lib/rails/application.rb:97:in `call'
  vendor/bundle/gems/rack-1.5.2/lib/rack/lock.rb:17:in `call'
  vendor/bundle/gems/rack-1.5.2/lib/rack/content_length.rb:14:in `call'
  vendor/bundle/gems/rack-1.5.2/lib/rack/handler/webrick.rb:60:in `service'
  /Users/peezy/.rvm/rubies/ruby-2.0.0-p247/lib/ruby/2.0.0/webrick/httpserver.rb:138:in `service'
  /Users/peezy/.rvm/rubies/ruby-2.0.0-p247/lib/ruby/2.0.0/webrick/httpserver.rb:94:in `run'
  /Users/peezy/.rvm/rubies/ruby-2.0.0-p247/lib/ruby/2.0.0/webrick/server.rb:295:in `block in start_thread'


  Rendered vendor/bundle/gems/actionpack-4.0.0/lib/action_dispatch/middleware/templates/rescues/_trace.erb (1.7ms)
  Rendered vendor/bundle/gems/actionpack-4.0.0/lib/action_dispatch/middleware/templates/routes/_route.html.erb (3.5ms)
  Rendered vendor/bundle/gems/actionpack-4.0.0/lib/action_dispatch/middleware/templates/routes/_table.html.erb (1.8ms)
  Rendered vendor/bundle/gems/actionpack-4.0.0/lib/action_dispatch/middleware/templates/rescues/routing_error.erb within rescues/layout (44.8ms)


Started GET "/" for 127.0.0.1 at 2013-08-01 15:44:19 +0000

ActionController::RoutingError (uninitialized constant PagesController):
  vendor/bundle/gems/activesupport-4.0.0/lib/active_support/inflector/methods.rb:226:in `const_get'
  vendor/bundle/gems/activesupport-4.0.0/lib/active_support/inflector/methods.rb:226:in `block in constantize'
  vendor/bundle/gems/activesupport-4.0.0/lib/active_support/inflector/methods.rb:224:in `each'
  vendor/bundle/gems/activesupport-4.0.0/lib/active_support/inflector/methods.rb:224:in `inject'
  vendor/bundle/gems/activesupport-4.0.0/lib/active_support/inflector/methods.rb:224:in `constantize'
  vendor/bundle/gems/actionpack-4.0.0/lib/action_dispatch/routing/route_set.rb:76:in `controller_reference'
  vendor/bundle/gems/actionpack-4.0.0/lib/action_dispatch/routing/route_set.rb:66:in `controller'
  vendor/bundle/gems/actionpack-4.0.0/lib/action_dispatch/routing/route_set.rb:44:in `call'
  vendor/bundle/gems/actionpack-4.0.0/lib/action_dispatch/journey/router.rb:71:in `block in call'
  vendor/bundle/gems/actionpack-4.0.0/lib/action_dispatch/journey/router.rb:59:in `each'
  vendor/bundle/gems/actionpack-4.0.0/lib/action_dispatch/journey/router.rb:59:in `call'
  vendor/bundle/gems/actionpack-4.0.0/lib/action_dispatch/routing/route_set.rb:655:in `call'
  vendor/bundle/gems/rack-1.5.2/lib/rack/etag.rb:23:in `call'
  vendor/bundle/gems/rack-1.5.2/lib/rack/conditionalget.rb:25:in `call'
  vendor/bundle/gems/rack-1.5.2/lib/rack/head.rb:11:in `call'
  vendor/bundle/gems/actionpack-4.0.0/lib/action_dispatch/middleware/params_parser.rb:27:in `call'
  vendor/bundle/gems/actionpack-4.0.0/lib/action_dispatch/middleware/flash.rb:241:in `call'
  vendor/bundle/gems/rack-1.5.2/lib/rack/session/abstract/id.rb:225:in `context'
  vendor/bundle/gems/rack-1.5.2/lib/rack/session/abstract/id.rb:220:in `call'
  vendor/bundle/gems/actionpack-4.0.0/lib/action_dispatch/middleware/cookies.rb:486:in `call'
  vendor/bundle/gems/activerecord-4.0.0/lib/active_record/query_cache.rb:36:in `call'
  vendor/bundle/gems/activerecord-4.0.0/lib/active_record/connection_adapters/abstract/connection_pool.rb:626:in `call'
  vendor/bundle/gems/activerecord-4.0.0/lib/active_record/migration.rb:369:in `call'
  vendor/bundle/gems/actionpack-4.0.0/lib/action_dispatch/middleware/callbacks.rb:29:in `block in call'
  vendor/bundle/gems/activesupport-4.0.0/lib/active_support/callbacks.rb:373:in `_run__2336777894941675752__call__callbacks'
  vendor/bundle/gems/activesupport-4.0.0/lib/active_support/callbacks.rb:80:in `run_callbacks'
  vendor/bundle/gems/actionpack-4.0.0/lib/action_dispatch/middleware/callbacks.rb:27:in `call'
  vendor/bundle/gems/actionpack-4.0.0/lib/action_dispatch/middleware/reloader.rb:64:in `call'
  vendor/bundle/gems/actionpack-4.0.0/lib/action_dispatch/middleware/remote_ip.rb:76:in `call'
  vendor/bundle/gems/actionpack-4.0.0/lib/action_dispatch/middleware/debug_exceptions.rb:17:in `call'
  vendor/bundle/gems/actionpack-4.0.0/lib/action_dispatch/middleware/show_exceptions.rb:30:in `call'
  vendor/bundle/gems/railties-4.0.0/lib/rails/rack/logger.rb:38:in `call_app'
  vendor/bundle/gems/railties-4.0.0/lib/rails/rack/logger.rb:21:in `block in call'
  vendor/bundle/gems/activesupport-4.0.0/lib/active_support/tagged_logging.rb:67:in `block in tagged'
  vendor/bundle/gems/activesupport-4.0.0/lib/active_support/tagged_logging.rb:25:in `tagged'
  vendor/bundle/gems/activesupport-4.0.0/lib/active_support/tagged_logging.rb:67:in `tagged'
  vendor/bundle/gems/railties-4.0.0/lib/rails/rack/logger.rb:21:in `call'
  vendor/bundle/gems/actionpack-4.0.0/lib/action_dispatch/middleware/request_id.rb:21:in `call'
  vendor/bundle/gems/rack-1.5.2/lib/rack/methodoverride.rb:21:in `call'
  vendor/bundle/gems/rack-1.5.2/lib/rack/runtime.rb:17:in `call'
  vendor/bundle/gems/activesupport-4.0.0/lib/active_support/cache/strategy/local_cache.rb:83:in `call'
  vendor/bundle/gems/rack-1.5.2/lib/rack/lock.rb:17:in `call'
  vendor/bundle/gems/actionpack-4.0.0/lib/action_dispatch/middleware/static.rb:64:in `call'
  vendor/bundle/gems/railties-4.0.0/lib/rails/engine.rb:511:in `call'
  vendor/bundle/gems/railties-4.0.0/lib/rails/application.rb:97:in `call'
  vendor/bundle/gems/rack-1.5.2/lib/rack/lock.rb:17:in `call'
  vendor/bundle/gems/rack-1.5.2/lib/rack/content_length.rb:14:in `call'
  vendor/bundle/gems/rack-1.5.2/lib/rack/handler/webrick.rb:60:in `service'
  /Users/peezy/.rvm/rubies/ruby-2.0.0-p247/lib/ruby/2.0.0/webrick/httpserver.rb:138:in `service'
  /Users/peezy/.rvm/rubies/ruby-2.0.0-p247/lib/ruby/2.0.0/webrick/httpserver.rb:94:in `run'
  /Users/peezy/.rvm/rubies/ruby-2.0.0-p247/lib/ruby/2.0.0/webrick/server.rb:295:in `block in start_thread'


  Rendered vendor/bundle/gems/actionpack-4.0.0/lib/action_dispatch/middleware/templates/rescues/_trace.erb (2.1ms)
  Rendered vendor/bundle/gems/actionpack-4.0.0/lib/action_dispatch/middleware/templates/routes/_route.html.erb (1.1ms)
  Rendered vendor/bundle/gems/actionpack-4.0.0/lib/action_dispatch/middleware/templates/routes/_table.html.erb (1.6ms)
  Rendered vendor/bundle/gems/actionpack-4.0.0/lib/action_dispatch/middleware/templates/rescues/routing_error.erb within rescues/layout (27.8ms)


Started GET "/" for 127.0.0.1 at 2013-08-01 15:46:12 +0000

ActionController::RoutingError (uninitialized constant PagesController):
  vendor/bundle/gems/activesupport-4.0.0/lib/active_support/inflector/methods.rb:226:in `const_get'
  vendor/bundle/gems/activesupport-4.0.0/lib/active_support/inflector/methods.rb:226:in `block in constantize'
  vendor/bundle/gems/activesupport-4.0.0/lib/active_support/inflector/methods.rb:224:in `each'
  vendor/bundle/gems/activesupport-4.0.0/lib/active_support/inflector/methods.rb:224:in `inject'
  vendor/bundle/gems/activesupport-4.0.0/lib/active_support/inflector/methods.rb:224:in `constantize'
  vendor/bundle/gems/actionpack-4.0.0/lib/action_dispatch/routing/route_set.rb:76:in `controller_reference'
  vendor/bundle/gems/actionpack-4.0.0/lib/action_dispatch/routing/route_set.rb:66:in `controller'
  vendor/bundle/gems/actionpack-4.0.0/lib/action_dispatch/routing/route_set.rb:44:in `call'
  vendor/bundle/gems/actionpack-4.0.0/lib/action_dispatch/journey/router.rb:71:in `block in call'
  vendor/bundle/gems/actionpack-4.0.0/lib/action_dispatch/journey/router.rb:59:in `each'
  vendor/bundle/gems/actionpack-4.0.0/lib/action_dispatch/journey/router.rb:59:in `call'
  vendor/bundle/gems/actionpack-4.0.0/lib/action_dispatch/routing/route_set.rb:655:in `call'
  vendor/bundle/gems/rack-1.5.2/lib/rack/etag.rb:23:in `call'
  vendor/bundle/gems/rack-1.5.2/lib/rack/conditionalget.rb:25:in `call'
  vendor/bundle/gems/rack-1.5.2/lib/rack/head.rb:11:in `call'
  vendor/bundle/gems/actionpack-4.0.0/lib/action_dispatch/middleware/params_parser.rb:27:in `call'
  vendor/bundle/gems/actionpack-4.0.0/lib/action_dispatch/middleware/flash.rb:241:in `call'
  vendor/bundle/gems/rack-1.5.2/lib/rack/session/abstract/id.rb:225:in `context'
  vendor/bundle/gems/rack-1.5.2/lib/rack/session/abstract/id.rb:220:in `call'
  vendor/bundle/gems/actionpack-4.0.0/lib/action_dispatch/middleware/cookies.rb:486:in `call'
  vendor/bundle/gems/activerecord-4.0.0/lib/active_record/query_cache.rb:36:in `call'
  vendor/bundle/gems/activerecord-4.0.0/lib/active_record/connection_adapters/abstract/connection_pool.rb:626:in `call'
  vendor/bundle/gems/activerecord-4.0.0/lib/active_record/migration.rb:369:in `call'
  vendor/bundle/gems/actionpack-4.0.0/lib/action_dispatch/middleware/callbacks.rb:29:in `block in call'
  vendor/bundle/gems/activesupport-4.0.0/lib/active_support/callbacks.rb:373:in `_run__2336777894941675752__call__callbacks'
  vendor/bundle/gems/activesupport-4.0.0/lib/active_support/callbacks.rb:80:in `run_callbacks'
  vendor/bundle/gems/actionpack-4.0.0/lib/action_dispatch/middleware/callbacks.rb:27:in `call'
  vendor/bundle/gems/actionpack-4.0.0/lib/action_dispatch/middleware/reloader.rb:64:in `call'
  vendor/bundle/gems/actionpack-4.0.0/lib/action_dispatch/middleware/remote_ip.rb:76:in `call'
  vendor/bundle/gems/actionpack-4.0.0/lib/action_dispatch/middleware/debug_exceptions.rb:17:in `call'
  vendor/bundle/gems/actionpack-4.0.0/lib/action_dispatch/middleware/show_exceptions.rb:30:in `call'
  vendor/bundle/gems/railties-4.0.0/lib/rails/rack/logger.rb:38:in `call_app'
  vendor/bundle/gems/railties-4.0.0/lib/rails/rack/logger.rb:21:in `block in call'
  vendor/bundle/gems/activesupport-4.0.0/lib/active_support/tagged_logging.rb:67:in `block in tagged'
  vendor/bundle/gems/activesupport-4.0.0/lib/active_support/tagged_logging.rb:25:in `tagged'
  vendor/bundle/gems/activesupport-4.0.0/lib/active_support/tagged_logging.rb:67:in `tagged'
  vendor/bundle/gems/railties-4.0.0/lib/rails/rack/logger.rb:21:in `call'
  vendor/bundle/gems/actionpack-4.0.0/lib/action_dispatch/middleware/request_id.rb:21:in `call'
  vendor/bundle/gems/rack-1.5.2/lib/rack/methodoverride.rb:21:in `call'
  vendor/bundle/gems/rack-1.5.2/lib/rack/runtime.rb:17:in `call'
  vendor/bundle/gems/activesupport-4.0.0/lib/active_support/cache/strategy/local_cache.rb:83:in `call'
  vendor/bundle/gems/rack-1.5.2/lib/rack/lock.rb:17:in `call'
  vendor/bundle/gems/actionpack-4.0.0/lib/action_dispatch/middleware/static.rb:64:in `call'
  vendor/bundle/gems/railties-4.0.0/lib/rails/engine.rb:511:in `call'
  vendor/bundle/gems/railties-4.0.0/lib/rails/application.rb:97:in `call'
  vendor/bundle/gems/rack-1.5.2/lib/rack/lock.rb:17:in `call'
  vendor/bundle/gems/rack-1.5.2/lib/rack/content_length.rb:14:in `call'
  vendor/bundle/gems/rack-1.5.2/lib/rack/handler/webrick.rb:60:in `service'
  /Users/peezy/.rvm/rubies/ruby-2.0.0-p247/lib/ruby/2.0.0/webrick/httpserver.rb:138:in `service'
  /Users/peezy/.rvm/rubies/ruby-2.0.0-p247/lib/ruby/2.0.0/webrick/httpserver.rb:94:in `run'
  /Users/peezy/.rvm/rubies/ruby-2.0.0-p247/lib/ruby/2.0.0/webrick/server.rb:295:in `block in start_thread'


  Rendered vendor/bundle/gems/actionpack-4.0.0/lib/action_dispatch/middleware/templates/rescues/_trace.erb (1.7ms)
  Rendered vendor/bundle/gems/actionpack-4.0.0/lib/action_dispatch/middleware/templates/routes/_route.html.erb (31.4ms)
  Rendered vendor/bundle/gems/actionpack-4.0.0/lib/action_dispatch/middleware/templates/routes/_table.html.erb (1.5ms)
  Rendered vendor/bundle/gems/actionpack-4.0.0/lib/action_dispatch/middleware/templates/rescues/routing_error.erb within rescues/layout (69.5ms)


Started GET "/" for 127.0.0.1 at 2013-08-01 15:46:39 +0000
Processing by Rails::WelcomeController#index as HTML
  Rendered vendor/bundle/gems/railties-4.0.0/lib/rails/templates/rails/welcome/index.html.erb (1.0ms)
Completed 200 OK in 141ms (Views: 4.2ms | ActiveRecord: 0.0ms)


Started GET "/rails/info/properties" for 127.0.0.1 at 2013-08-01 15:46:48 +0000
Processing by Rails::InfoController#properties as HTML
  Rendered vendor/bundle/gems/railties-4.0.0/lib/rails/templates/rails/info/properties.html.erb (0.6ms)
Completed 200 OK in 144ms (Views: 51.2ms | ActiveRecord: 12.0ms)


Started GET "/" for 127.0.0.1 at 2013-08-02 10:50:19 +0000
Processing by Rails::WelcomeController#index as HTML
  Rendered vendor/bundle/gems/railties-4.0.0/lib/rails/templates/rails/welcome/index.html.erb (97.4ms)
Completed 200 OK in 1134ms (Views: 874.8ms | ActiveRecord: 0.0ms)


Started GET "/" for 127.0.0.1 at 2013-10-08 12:14:12 +0000
Processing by Rails::WelcomeController#index as HTML
  Rendered vendor/bundle/gems/railties-4.0.0/lib/rails/templates/rails/welcome/index.html.erb (3.5ms)
Completed 200 OK in 282ms (Views: 137.0ms | ActiveRecord: 0.0ms)


Started GET "/rails/info/properties" for 127.0.0.1 at 2013-10-08 12:15:56 +0000
Processing by Rails::InfoController#properties as HTML
  Rendered vendor/bundle/gems/railties-4.0.0/lib/rails/templates/rails/info/properties.html.erb (0.7ms)
Completed 200 OK in 78ms (Views: 43.7ms | ActiveRecord: 2.0ms)
